SF:lib\modelo\usuario.dart
DA:18,3
DA:33,2
DA:34,2
DA:36,2
DA:37,2
DA:38,2
DA:39,2
DA:40,2
DA:41,2
DA:42,2
DA:43,2
DA:44,2
DA:45,2
DA:47,2
DA:52,2
DA:53,2
DA:54,2
DA:55,2
DA:56,2
DA:57,2
DA:58,2
DA:59,2
DA:60,2
DA:61,2
DA:62,2
DA:63,4
DA:64,1
DA:65,2
LF:28
LH:28
end_of_record
SF:lib\vista\auth\pantalla_login.dart
DA:6,1
DA:8,1
DA:10,1
DA:12,1
DA:14,1
DA:15,1
DA:16,1
DA:17,1
DA:20,1
DA:42,1
DA:45,1
DA:47,1
DA:48,1
DA:49,1
DA:56,1
DA:57,1
DA:58,1
DA:60,1
DA:72,1
DA:73,1
DA:74,1
DA:78,1
DA:79,1
DA:82,2
DA:89,1
DA:90,1
DA:92,1
DA:96,1
DA:97,1
DA:100,3
DA:106,1
DA:108,1
DA:109,0
DA:110,0
DA:121,1
DA:123,1
DA:125,1
DA:126,1
DA:130,1
DA:132,1
DA:133,1
DA:134,1
DA:137,0
DA:138,1
DA:139,0
DA:140,0
DA:144,1
DA:158,1
DA:160,1
DA:162,1
DA:163,0
DA:164,0
LF:52
LH:45
end_of_record
SF:lib\vistamodelo\auth\login_vm.dart
DA:15,2
DA:19,0
DA:20,0
DA:21,0
DA:30,1
DA:33,2
DA:36,5
DA:39,3
DA:42,0
DA:47,1
DA:48,2
DA:51,1
DA:52,1
DA:53,1
DA:56,2
DA:57,3
DA:58,3
DA:61,2
DA:62,3
DA:63,1
DA:64,1
DA:65,1
DA:69,1
DA:70,1
DA:72,1
DA:73,3
DA:75,0
DA:77,0
DA:78,1
DA:79,1
DA:84,2
DA:86,7
DA:89,1
DA:90,1
DA:91,1
DA:94,2
DA:95,3
DA:96,3
DA:99,2
DA:100,3
DA:101,0
DA:102,0
DA:103,0
DA:107,2
DA:110,1
DA:113,4
DA:115,3
DA:117,1
DA:118,1
DA:121,3
DA:126,0
DA:127,0
DA:128,0
DA:129,0
DA:132,0
DA:133,0
DA:134,0
LF:57
LH:41
end_of_record
SF:lib\vistamodelo\auth\recuperar_vm.dart
DA:8,1
DA:17,1
DA:19,2
DA:23,1
DA:24,1
DA:25,1
DA:28,5
DA:31,0
DA:32,0
DA:35,0
DA:38,1
DA:39,1
DA:41,1
DA:42,2
DA:44,0
DA:45,0
DA:47,0
DA:50,1
DA:51,1
DA:56,0
DA:58,0
DA:59,0
LF:22
LH:13
end_of_record
SF:lib\vistamodelo\auth\registro_vm.dart
DA:28,1
DA:33,0
DA:34,0
DA:35,0
DA:38,1
DA:39,3
DA:40,1
DA:41,0
DA:42,0
DA:46,1
DA:47,1
DA:50,2
DA:51,1
DA:54,1
DA:55,1
DA:59,1
DA:60,1
DA:61,1
DA:62,1
DA:63,6
DA:65,2
DA:66,1
DA:67,1
DA:70,0
DA:71,0
DA:72,0
DA:78,1
DA:80,2
DA:84,1
DA:85,1
DA:86,1
DA:89,3
DA:92,1
DA:93,1
DA:94,1
DA:95,1
DA:96,1
DA:98,2
DA:99,1
DA:100,1
DA:101,1
DA:106,2
DA:107,3
DA:108,3
DA:111,2
DA:114,1
DA:117,3
DA:118,3
DA:119,3
DA:123,1
DA:128,5
DA:132,2
DA:134,5
DA:139,0
DA:143,2
DA:145,1
DA:146,1
DA:148,0
DA:149,0
DA:151,0
DA:154,0
DA:155,0
DA:159,0
DA:162,0
DA:163,0
DA:164,0
DA:165,0
DA:166,0
DA:167,0
LF:69
LH:48
end_of_record
SF:lib\servicios\api_dni_servicio.dart
DA:9,0
DA:10,0
DA:12,0
DA:13,0
DA:15,0
DA:17,0
DA:18,0
DA:23,0
DA:24,0
DA:25,0
DA:26,0
LF:11
LH:0
end_of_record
SF:lib\vistamodelo\comentarios\comentarios_viewmodel.dart
DA:9,1
DA:10,0
DA:12,1
DA:14,1
DA:15,1
DA:16,1
DA:17,1
DA:18,2
DA:19,1
DA:20,1
DA:21,4
DA:23,1
LF:12
LH:11
end_of_record
SF:lib\modelo\comentario_model.dart
DA:15,1
DA:28,1
DA:29,1
DA:31,1
DA:32,1
DA:33,1
DA:34,2
DA:35,1
DA:36,1
DA:37,2
DA:38,2
DA:39,1
DA:43,0
DA:44,0
DA:45,0
DA:46,0
DA:47,0
DA:48,0
DA:49,0
DA:50,0
DA:51,0
DA:52,0
DA:53,0
LF:23
LH:12
end_of_record
SF:lib\vistamodelo\notificacion\notificacion_vm.dart
DA:10,0
DA:11,0
DA:21,1
DA:25,0
DA:26,0
DA:27,0
DA:30,3
DA:33,2
DA:38,1
DA:39,3
DA:42,1
DA:45,5
DA:46,1
DA:47,1
DA:48,1
DA:51,6
DA:52,1
DA:57,1
DA:58,3
DA:62,2
DA:64,1
DA:65,1
DA:66,1
DA:67,1
DA:68,1
DA:70,2
DA:71,3
DA:74,1
DA:76,1
DA:77,1
DA:81,0
DA:82,0
DA:83,0
DA:86,0
DA:88,0
DA:89,0
LF:36
LH:25
end_of_record
SF:lib\modelo\notificacion.dart
DA:12,1
DA:22,0
DA:23,0
DA:25,0
DA:26,0
DA:27,0
DA:28,0
DA:29,0
DA:30,0
DA:31,0
DA:36,0
DA:37,0
DA:38,0
DA:39,0
DA:40,0
DA:41,0
DA:42,0
DA:43,0
LF:18
LH:1
end_of_record
SF:lib\servicios\notificacion_servicio.dart
DA:12,0
DA:15,0
DA:16,0
DA:20,0
DA:21,0
DA:22,0
DA:23,0
DA:24,0
DA:25,0
DA:26,0
DA:27,0
DA:28,0
DA:29,0
DA:34,0
DA:40,0
DA:41,0
DA:42,0
DA:45,0
DA:46,0
DA:48,0
DA:51,0
DA:53,0
DA:55,0
DA:56,0
DA:58,0
DA:63,0
DA:64,0
DA:65,0
DA:66,0
DA:69,0
DA:70,0
DA:73,0
DA:75,0
DA:76,0
DA:77,0
DA:78,0
DA:80,0
DA:83,0
DA:84,0
DA:85,0
DA:86,0
DA:89,0
DA:96,0
DA:97,0
DA:101,0
DA:106,0
DA:107,0
DA:108,0
DA:111,0
DA:116,0
DA:123,0
DA:124,0
DA:125,0
DA:126,0
DA:128,0
DA:130,0
DA:132,0
DA:134,0
DA:135,0
DA:137,0
DA:141,0
DA:142,0
DA:143,0
DA:144,0
DA:147,0
DA:148,0
DA:150,0
DA:153,0
DA:157,0
DA:161,0
DA:163,0
LF:71
LH:0
end_of_record
SF:lib\modelo\reporte_mascota.dart
DA:21,2
DA:40,2
DA:41,2
DA:42,2
DA:45,2
DA:46,2
DA:47,2
DA:48,2
DA:49,2
DA:50,2
DA:51,2
DA:52,2
DA:53,2
DA:54,2
DA:55,2
DA:56,2
DA:57,2
DA:58,2
DA:59,2
DA:60,2
DA:61,2
DA:62,2
DA:63,2
DA:64,2
DA:69,0
DA:70,0
DA:71,0
DA:72,0
DA:73,0
DA:74,0
DA:75,0
DA:76,0
DA:77,0
DA:78,0
DA:79,0
DA:80,0
DA:81,0
DA:83,0
DA:84,0
DA:86,0
DA:87,0
DA:88,0
DA:89,0
DA:90,0
DA:91,0
DA:92,0
LF:46
LH:24
end_of_record
SF:lib\servicios\servicio_tflite.dart
DA:12,0
DA:13,0
DA:15,0
DA:20,0
DA:27,0
DA:28,0
DA:30,0
DA:31,0
DA:32,0
DA:35,0
DA:36,0
DA:38,0
DA:39,0
DA:41,0
DA:44,0
DA:45,0
DA:46,0
DA:49,0
DA:53,0
DA:54,0
DA:55,0
DA:57,0
DA:58,0
DA:60,0
DA:64,0
DA:65,0
DA:66,0
DA:68,0
DA:69,0
DA:70,0
DA:72,0
DA:73,0
DA:77,0
DA:82,0
DA:83,0
DA:84,0
DA:86,0
DA:88,0
DA:90,0
DA:91,0
DA:92,0
DA:93,0
DA:94,0
DA:95,0
DA:104,0
DA:106,0
DA:107,0
LF:47
LH:0
end_of_record
SF:lib\vista\reportes\pantalla_mapa_osm.dart
DA:11,1
DA:17,0
DA:18,0
DA:42,0
DA:44,0
DA:45,0
DA:46,0
DA:50,0
DA:51,0
DA:52,0
DA:53,0
DA:54,0
DA:57,0
DA:58,0
DA:60,0
DA:62,0
DA:65,0
DA:66,0
DA:69,0
DA:72,0
DA:73,0
DA:79,0
DA:80,0
DA:81,0
DA:84,0
DA:85,0
DA:86,0
DA:90,0
DA:93,0
DA:95,0
DA:99,0
DA:101,0
DA:103,0
DA:104,0
DA:114,0
DA:115,0
DA:116,0
DA:117,0
DA:118,0
DA:120,0
DA:122,0
DA:123,0
DA:124,0
DA:126,0
DA:129,0
DA:130,0
DA:134,0
DA:135,0
DA:136,0
DA:137,0
DA:138,0
DA:142,0
DA:154,0
DA:155,0
DA:159,0
DA:162,0
DA:164,0
DA:165,0
DA:166,0
DA:173,0
DA:175,0
DA:176,0
DA:177,0
DA:178,0
DA:190,0
DA:191,0
DA:199,0
DA:201,0
DA:202,0
DA:203,0
DA:209,0
DA:210,0
DA:211,0
DA:226,0
DA:230,0
DA:232,0
DA:233,0
DA:241,0
DA:245,0
DA:246,0
DA:253,0
DA:255,0
DA:256,0
DA:257,0
DA:258,0
DA:259,0
DA:260,0
LF:87
LH:1
end_of_record
SF:lib\vista\reportes\pantalla_reporte_mascota.dart
DA:11,0
DA:13,0
DA:15,0
DA:16,0
DA:23,1
DA:25,1
DA:27,1
DA:29,1
DA:31,1
DA:33,1
DA:37,1
DA:38,1
DA:39,1
DA:41,4
DA:43,1
DA:47,1
DA:48,3
DA:53,1
DA:55,4
DA:56,1
DA:57,1
DA:58,1
DA:60,1
DA:61,1
DA:62,5
DA:63,1
DA:66,1
DA:67,1
DA:80,1
DA:81,1
DA:90,1
DA:92,1
DA:94,1
DA:97,1
DA:98,1
DA:99,1
DA:101,1
DA:103,1
DA:106,1
DA:107,1
DA:108,1
DA:110,1
DA:112,4
DA:113,1
DA:115,1
DA:118,1
DA:119,2
DA:120,2
DA:121,1
DA:122,1
DA:123,1
DA:129,0
DA:130,0
DA:137,2
DA:138,0
DA:141,0
DA:142,0
DA:143,0
DA:157,1
DA:158,0
DA:159,0
DA:161,0
DA:167,0
DA:168,0
DA:176,0
DA:177,0
DA:178,0
DA:179,0
DA:188,0
DA:189,0
DA:190,0
DA:191,0
DA:192,0
DA:203,1
DA:206,1
DA:207,1
DA:208,1
DA:209,1
DA:210,1
DA:214,1
DA:215,1
DA:216,1
DA:219,1
DA:220,1
DA:247,1
DA:250,1
DA:252,1
DA:254,1
DA:255,0
DA:256,0
DA:258,0
DA:264,0
DA:265,0
DA:273,0
DA:274,0
DA:275,0
DA:276,0
DA:285,0
DA:286,0
DA:287,0
DA:288,0
DA:289,0
DA:301,1
DA:305,1
DA:306,1
DA:316,1
DA:317,0
DA:318,0
DA:320,0
DA:326,0
DA:327,0
DA:335,0
DA:336,0
DA:337,0
DA:338,0
DA:347,0
DA:348,0
DA:349,0
DA:350,0
DA:351,0
DA:366,1
DA:370,1
DA:371,1
DA:381,1
DA:382,0
DA:383,0
DA:384,0
DA:388,0
DA:389,0
DA:390,0
DA:391,0
DA:392,0
DA:394,0
DA:395,0
DA:396,0
DA:398,0
DA:399,0
DA:401,0
DA:402,0
DA:403,0
DA:405,0
DA:417,1
DA:421,1
DA:422,1
DA:436,1
DA:437,1
DA:439,3
DA:440,1
DA:441,1
DA:444,1
DA:445,1
DA:451,3
DA:452,1
DA:453,1
DA:456,1
DA:458,3
DA:459,1
DA:460,1
DA:463,1
DA:466,0
DA:469,1
DA:471,1
DA:472,2
DA:473,1
DA:475,1
DA:476,4
DA:477,2
DA:486,3
DA:487,1
DA:502,1
DA:504,1
DA:506,1
DA:507,3
DA:508,3
DA:509,3
DA:510,1
DA:511,1
DA:512,1
DA:514,1
DA:515,1
DA:516,1
DA:519,1
DA:520,1
DA:522,1
DA:523,1
DA:526,1
DA:528,1
DA:529,0
DA:530,0
DA:532,0
DA:533,0
DA:534,0
DA:539,0
DA:540,0
DA:541,0
DA:544,0
DA:545,0
DA:548,1
DA:551,1
DA:553,1
DA:554,0
DA:555,0
DA:557,0
DA:560,0
DA:561,0
DA:562,0
DA:565,0
DA:566,0
DA:575,1
DA:576,1
DA:578,1
DA:588,1
DA:591,1
DA:594,1
DA:595,1
DA:603,0
DA:604,0
DA:606,0
DA:607,0
DA:612,0
DA:613,0
DA:614,0
DA:615,0
DA:618,0
DA:619,0
DA:621,0
DA:622,0
DA:625,0
DA:631,3
DA:632,1
DA:634,1
DA:635,1
DA:637,1
DA:639,1
DA:643,1
DA:644,2
DA:649,3
DA:650,0
DA:651,0
DA:666,1
DA:669,1
DA:671,1
DA:672,1
DA:677,0
DA:678,0
DA:680,0
DA:681,0
DA:686,0
DA:687,0
DA:688,0
DA:689,0
DA:691,0
DA:692,0
DA:697,0
DA:698,0
DA:699,0
DA:702,3
DA:703,0
DA:704,0
DA:711,0
DA:712,0
DA:721,1
DA:722,1
DA:724,0
DA:726,1
DA:727,1
DA:729,0
DA:730,0
DA:731,0
DA:734,1
DA:737,1
DA:739,1
DA:740,2
DA:741,1
DA:743,0
DA:744,0
DA:745,0
DA:760,1
DA:762,1
DA:764,1
DA:765,1
DA:767,1
DA:769,1
DA:771,1
DA:772,1
DA:774,2
DA:775,1
DA:776,1
DA:778,1
DA:779,2
DA:780,1
DA:781,2
DA:782,1
DA:783,3
DA:788,1
DA:789,2
DA:790,4
DA:791,4
DA:792,2
DA:793,2
DA:794,2
DA:795,1
DA:796,1
DA:798,0
DA:801,1
DA:802,1
DA:804,1
DA:805,2
DA:806,1
DA:807,1
DA:808,1
DA:810,1
DA:811,1
DA:812,1
DA:813,2
DA:818,1
DA:833,2
DA:835,1
DA:845,2
DA:848,2
DA:849,1
DA:852,2
DA:855,1
DA:856,1
DA:857,1
DA:858,2
DA:860,1
DA:861,1
DA:866,1
DA:873,1
DA:874,1
DA:882,2
DA:884,1
DA:886,1
DA:887,2
DA:888,2
DA:893,2
DA:895,1
DA:896,2
DA:897,2
DA:900,1
DA:906,1
DA:907,1
DA:909,1
DA:912,1
DA:916,1
DA:917,1
DA:918,1
DA:919,1
DA:925,1
LF:350
LH:222
end_of_record
SF:lib\vistamodelo\reportes\reporte_vm.dart
DA:14,0
DA:15,0
DA:18,0
DA:22,0
DA:25,0
DA:26,0
DA:28,0
DA:29,0
DA:30,0
DA:34,0
DA:46,2
DA:51,0
DA:52,0
DA:53,0
DA:54,0
DA:65,4
DA:66,4
DA:67,3
DA:68,3
DA:70,2
DA:71,4
DA:74,0
DA:76,0
DA:77,0
DA:81,2
DA:82,2
DA:83,2
DA:86,2
DA:87,4
DA:88,4
DA:89,2
DA:93,1
DA:94,2
DA:95,2
DA:96,1
DA:100,1
DA:101,3
DA:102,1
DA:105,0
DA:106,0
DA:107,0
DA:111,1
DA:113,2
DA:114,2
DA:116,1
DA:117,1
DA:119,2
DA:120,1
DA:125,0
DA:127,0
DA:128,0
DA:129,0
DA:130,0
DA:131,0
DA:133,0
DA:134,0
DA:138,0
DA:139,0
DA:141,0
DA:142,0
DA:143,0
DA:144,0
DA:145,0
DA:147,0
DA:148,0
DA:152,2
DA:154,2
DA:155,2
DA:157,6
DA:158,6
DA:160,6
DA:162,2
DA:163,8
DA:165,2
DA:171,4
DA:176,2
DA:177,2
DA:180,1
DA:181,1
DA:182,3
LF:80
LH:43
end_of_record
SF:lib\vista\reportes\video_recorte_page.dart
DA:10,0
DA:12,0
DA:13,0
DA:22,0
DA:24,0
DA:25,0
DA:28,0
DA:30,0
DA:32,0
DA:34,0
DA:35,0
DA:39,0
DA:40,0
DA:41,0
DA:42,0
DA:43,0
DA:44,0
DA:46,0
DA:48,0
DA:49,0
DA:50,0
DA:54,0
DA:56,0
DA:59,0
DA:60,0
DA:62,0
DA:63,0
DA:64,0
DA:65,0
DA:68,0
DA:71,0
DA:72,0
DA:74,0
DA:75,0
DA:80,0
DA:85,0
LF:36
LH:0
end_of_record
SF:lib\vistamodelo\usuario\perfil_vm.dart
DA:25,1
DA:30,0
DA:31,0
DA:32,0
DA:33,1
DA:34,1
DA:37,1
DA:39,3
DA:40,4
DA:42,1
DA:43,1
DA:44,3
DA:45,3
DA:46,3
DA:47,3
DA:48,2
DA:51,1
DA:52,1
DA:56,1
DA:57,3
DA:58,5
DA:59,3
DA:60,3
DA:61,1
DA:64,1
DA:67,0
DA:68,0
DA:71,0
DA:72,0
DA:74,0
DA:75,0
DA:77,0
DA:78,0
DA:80,0
DA:83,1
DA:84,3
DA:85,1
DA:86,2
DA:90,1
DA:91,3
DA:92,4
DA:93,3
DA:96,0
DA:98,0
DA:99,0
DA:100,0
DA:101,0
DA:102,0
LF:48
LH:30
end_of_record
