SF:lib\modelo\avistamiento.dart
DA:14,2
DA:28,1
DA:29,1
DA:30,1
DA:31,1
DA:32,1
DA:33,1
DA:34,1
DA:35,1
DA:36,1
DA:37,1
DA:38,1
DA:39,1
DA:40,1
DA:44,1
DA:45,1
DA:46,1
DA:47,1
DA:48,1
DA:49,1
DA:50,1
DA:51,1
DA:52,2
DA:53,2
DA:54,1
DA:55,1
DA:56,1
LF:27
LH:27
end_of_record
SF:lib\modelo\comentario_model.dart
DA:15,2
DA:28,2
DA:29,2
DA:31,2
DA:32,2
DA:33,2
DA:35,6
DA:36,2
DA:37,2
DA:38,2
DA:39,5
DA:40,5
DA:41,2
DA:45,1
DA:46,1
DA:47,1
DA:48,1
DA:49,1
DA:50,1
DA:51,1
DA:52,1
DA:53,1
DA:54,1
DA:55,1
LF:24
LH:24
end_of_record
SF:lib\modelo\notificacion.dart
DA:12,3
DA:22,1
DA:23,1
DA:25,1
DA:26,1
DA:27,1
DA:28,1
DA:29,1
DA:30,2
DA:31,3
DA:36,2
DA:37,2
DA:38,2
DA:39,2
DA:40,2
DA:41,2
DA:42,2
DA:43,3
LF:18
LH:18
end_of_record
SF:lib\modelo\reporte_mascota.dart
DA:21,3
DA:40,2
DA:41,2
DA:42,2
DA:45,2
DA:46,2
DA:47,2
DA:48,2
DA:49,2
DA:50,2
DA:51,2
DA:52,2
DA:53,2
DA:54,2
DA:55,2
DA:56,2
DA:57,2
DA:58,2
DA:59,2
DA:60,2
DA:61,2
DA:62,2
DA:63,2
DA:64,2
DA:69,1
DA:70,1
DA:71,1
DA:72,1
DA:73,1
DA:74,1
DA:75,1
DA:76,1
DA:77,1
DA:78,1
DA:79,1
DA:80,1
DA:81,0
DA:83,1
DA:84,0
DA:86,1
DA:87,1
DA:88,1
DA:89,1
DA:90,3
DA:91,3
DA:92,3
LF:46
LH:44
end_of_record
SF:lib\modelo\usuario.dart
DA:18,3
DA:33,2
DA:34,2
DA:36,2
DA:37,2
DA:38,2
DA:39,2
DA:40,2
DA:41,2
DA:42,2
DA:43,2
DA:44,2
DA:45,2
DA:47,2
DA:52,2
DA:53,2
DA:54,2
DA:55,2
DA:56,2
DA:57,2
DA:58,2
DA:59,2
DA:60,2
DA:61,2
DA:62,2
DA:63,4
DA:64,1
DA:65,2
LF:28
LH:28
end_of_record
SF:lib\servicios\api_dni_servicio.dart
DA:9,1
DA:10,0
DA:12,1
DA:13,3
DA:15,2
DA:17,1
DA:18,2
DA:23,2
DA:24,2
DA:25,3
DA:26,2
LF:11
LH:10
end_of_record
SF:lib\servicios\notificacion_servicio.dart
DA:12,0
DA:15,1
DA:19,0
DA:20,3
DA:24,0
DA:28,0
DA:30,0
DA:31,0
DA:32,0
DA:33,0
DA:34,0
DA:35,0
DA:36,0
DA:37,0
DA:42,1
DA:51,0
DA:52,0
DA:60,0
DA:61,0
DA:62,0
DA:65,0
DA:66,0
DA:68,0
DA:71,1
DA:76,1
DA:78,1
DA:80,1
DA:81,1
DA:83,1
DA:88,1
DA:89,1
DA:90,1
DA:91,1
DA:94,5
DA:95,0
DA:98,2
DA:101,1
DA:102,2
DA:103,1
DA:105,1
DA:108,2
DA:109,2
DA:110,2
DA:111,1
DA:114,1
DA:121,2
DA:122,2
DA:126,1
DA:131,1
DA:132,2
DA:133,4
DA:136,0
DA:141,1
DA:151,0
DA:158,0
DA:159,0
DA:160,0
DA:161,0
DA:163,0
DA:165,1
DA:169,1
DA:171,1
DA:173,1
DA:174,1
DA:176,1
DA:180,1
DA:181,1
DA:182,1
DA:183,1
DA:186,2
DA:187,3
DA:189,0
DA:192,3
DA:196,1
DA:200,3
DA:202,0
LF:76
LH:46
end_of_record
SF:lib\servicios\servicio_tflite.dart
DA:12,0
DA:14,0
DA:15,0
DA:16,0
DA:20,0
DA:28,0
DA:29,0
DA:33,0
DA:34,0
DA:40,1
DA:42,1
DA:48,1
DA:49,2
DA:53,1
DA:54,1
DA:56,1
DA:57,3
DA:60,2
DA:62,1
DA:66,1
DA:70,1
DA:73,1
DA:74,1
DA:75,2
DA:77,3
DA:78,1
DA:80,1
DA:83,1
DA:87,1
DA:88,1
DA:89,1
DA:90,3
DA:92,2
DA:96,2
DA:100,1
DA:101,1
DA:102,1
DA:104,1
DA:108,1
DA:113,1
DA:114,2
DA:115,2
DA:117,2
DA:119,2
DA:120,1
DA:123,1
DA:129,2
DA:130,1
DA:132,2
DA:134,4
DA:139,0
DA:140,0
DA:141,0
DA:143,0
DA:145,0
DA:147,0
DA:148,0
DA:149,0
DA:150,0
DA:151,0
DA:152,0
DA:159,1
DA:161,3
DA:162,4
LF:64
LH:44
end_of_record
SF:lib\vista\auth\pantalla_login.dart
DA:6,1
DA:8,1
DA:10,1
DA:12,1
DA:14,1
DA:15,1
DA:16,1
DA:17,1
DA:20,1
DA:42,1
DA:45,1
DA:47,1
DA:48,1
DA:49,1
DA:56,1
DA:57,1
DA:58,1
DA:60,1
DA:72,1
DA:73,1
DA:74,1
DA:78,1
DA:79,1
DA:82,2
DA:89,1
DA:90,1
DA:92,1
DA:96,1
DA:97,1
DA:100,3
DA:106,1
DA:108,1
DA:109,0
DA:110,0
DA:121,1
DA:123,1
DA:125,1
DA:126,1
DA:130,1
DA:132,1
DA:133,1
DA:134,1
DA:137,0
DA:138,1
DA:139,0
DA:140,0
DA:144,1
DA:158,1
DA:160,1
DA:162,1
DA:163,0
DA:164,0
LF:52
LH:45
end_of_record
SF:lib\vistamodelo\auth\login_vm.dart
DA:15,2
DA:19,0
DA:20,0
DA:21,0
DA:30,1
DA:33,2
DA:36,5
DA:39,3
DA:42,0
DA:47,1
DA:48,2
DA:51,1
DA:52,1
DA:53,1
DA:56,2
DA:57,3
DA:58,3
DA:61,2
DA:62,3
DA:63,1
DA:64,1
DA:65,1
DA:69,1
DA:70,1
DA:72,1
DA:73,3
DA:75,0
DA:77,0
DA:78,1
DA:79,1
DA:84,2
DA:86,7
DA:89,1
DA:90,1
DA:91,1
DA:94,2
DA:95,3
DA:96,3
DA:99,2
DA:100,3
DA:101,0
DA:102,0
DA:103,0
DA:107,2
DA:110,1
DA:113,4
DA:115,3
DA:117,1
DA:118,1
DA:121,3
DA:126,0
DA:127,0
DA:128,0
DA:129,0
DA:132,0
DA:133,0
DA:134,0
LF:57
LH:41
end_of_record
SF:lib\vista\auth\pantalla_recuperar.dart
DA:6,1
DA:8,1
DA:10,1
DA:12,1
DA:14,1
DA:15,1
DA:16,1
DA:17,1
DA:41,1
DA:44,1
DA:46,1
DA:47,1
DA:48,1
DA:55,1
DA:56,1
DA:57,1
DA:59,1
DA:61,1
DA:62,1
DA:63,1
DA:66,1
DA:67,1
DA:70,2
DA:77,1
DA:78,1
DA:81,1
DA:82,1
DA:85,1
DA:87,2
DA:88,1
DA:110,1
DA:112,1
DA:114,1
DA:115,0
DA:116,0
LF:35
LH:33
end_of_record
SF:lib\vistamodelo\auth\recuperar_vm.dart
DA:8,2
DA:17,2
DA:19,7
DA:23,2
DA:24,2
DA:25,2
DA:28,10
DA:31,1
DA:32,2
DA:35,1
DA:38,2
DA:39,2
DA:41,1
DA:42,2
DA:44,0
DA:45,0
DA:47,0
DA:50,1
DA:51,1
DA:56,0
DA:58,0
DA:59,0
LF:22
LH:16
end_of_record
SF:lib\vista\auth\pantalla_verifica_email.dart
DA:8,1
DA:10,1
DA:11,1
DA:20,1
DA:22,2
DA:23,1
DA:26,1
DA:27,1
DA:28,1
DA:29,3
DA:30,1
DA:31,2
DA:32,2
DA:33,2
DA:34,0
DA:41,1
DA:42,2
DA:44,3
DA:47,2
DA:50,2
DA:53,1
DA:55,1
DA:59,1
DA:61,0
DA:63,0
DA:68,1
DA:69,3
DA:73,1
DA:74,3
DA:76,1
DA:77,1
DA:78,1
DA:80,1
DA:81,0
DA:82,0
DA:84,0
DA:85,0
DA:88,0
DA:90,1
DA:91,3
DA:98,0
DA:99,0
DA:103,3
DA:106,1
DA:108,2
DA:110,1
DA:111,1
DA:112,1
DA:114,1
DA:115,1
DA:117,1
DA:119,1
DA:122,1
DA:124,3
DA:128,1
DA:130,1
DA:132,3
DA:136,1
DA:141,1
DA:142,2
DA:143,1
DA:153,1
DA:154,4
DA:155,1
DA:161,1
DA:162,2
DA:163,1
DA:164,1
LF:68
LH:58
end_of_record
SF:lib\servicios\auth_servicio.dart
DA:6,0
DA:7,0
DA:11,0
DA:15,1
DA:16,2
DA:17,0
DA:18,0
DA:23,1
DA:24,2
DA:25,0
DA:29,1
DA:30,2
DA:31,0
DA:35,2
DA:38,0
DA:42,0
DA:46,0
DA:47,0
DA:48,0
DA:54,0
LF:20
LH:7
end_of_record
SF:lib\servicios\firestore_servicio.dart
DA:7,0
DA:8,0
DA:9,0
DA:10,0
DA:11,0
DA:14,0
DA:15,0
LF:7
LH:0
end_of_record
SF:lib\vista\chat\pantalla_chat.dart
DA:17,1
DA:28,1
DA:29,1
DA:43,1
DA:45,1
DA:46,3
DA:47,3
DA:48,1
DA:51,1
DA:53,3
DA:57,6
DA:59,1
DA:60,1
DA:61,2
DA:62,2
DA:63,1
DA:67,0
DA:70,0
DA:74,1
DA:75,3
DA:76,1
DA:78,1
DA:79,1
DA:80,3
DA:81,1
DA:82,2
DA:83,3
DA:85,1
DA:89,2
DA:91,2
DA:92,2
DA:93,2
DA:102,1
DA:105,3
DA:107,1
DA:109,1
DA:111,3
DA:112,2
DA:113,0
DA:115,1
DA:117,1
DA:121,1
DA:122,1
DA:124,0
DA:125,0
DA:127,0
DA:128,0
DA:129,0
DA:130,0
DA:135,1
DA:136,1
DA:142,1
DA:143,1
DA:157,1
DA:158,1
DA:159,1
DA:160,1
DA:161,1
DA:162,1
DA:163,1
DA:164,3
DA:165,1
DA:166,1
DA:167,1
DA:168,1
DA:169,1
DA:173,2
DA:175,1
DA:184,1
DA:185,1
DA:191,1
DA:192,1
DA:193,2
DA:194,2
DA:196,1
DA:200,1
DA:201,1
DA:202,4
DA:204,1
DA:213,1
DA:228,1
DA:231,1
DA:232,1
DA:234,1
DA:235,1
DA:242,1
DA:243,1
DA:244,1
DA:257,1
DA:260,1
DA:261,1
DA:263,1
DA:264,1
DA:265,1
DA:266,1
DA:276,1
DA:277,1
DA:278,1
DA:279,1
DA:280,1
DA:281,1
DA:283,1
DA:284,1
DA:290,0
DA:294,1
DA:295,1
DA:296,1
LF:107
LH:97
end_of_record
SF:lib\vista\chat\pantalla_chats_activos.dart
DA:11,1
DA:13,1
DA:16,1
DA:17,1
DA:19,1
DA:25,1
DA:26,2
DA:28,1
DA:29,1
DA:34,1
DA:35,2
DA:36,1
DA:37,1
DA:41,2
DA:43,1
DA:47,1
DA:48,1
DA:49,1
DA:50,1
DA:51,1
DA:53,3
DA:55,0
DA:56,1
DA:58,1
DA:59,3
DA:60,1
DA:61,1
DA:66,2
DA:67,1
DA:68,1
DA:69,1
DA:71,1
DA:73,1
DA:74,2
DA:75,1
DA:76,1
DA:77,1
DA:78,1
DA:79,1
DA:83,4
DA:85,4
DA:87,1
DA:88,1
DA:90,1
DA:92,7
DA:96,1
DA:101,1
DA:102,1
DA:104,1
DA:105,1
DA:107,1
DA:110,2
DA:111,0
DA:115,2
DA:119,1
DA:123,1
DA:124,1
DA:126,2
DA:130,1
DA:137,0
DA:138,0
DA:140,0
DA:141,0
DA:142,0
DA:143,0
DA:145,0
DA:146,0
LF:67
LH:57
end_of_record
SF:lib\vista\reportes\pantalla_detalle_completo.dart
DA:11,0
DA:17,0
DA:19,0
DA:26,0
DA:28,0
DA:29,0
DA:32,0
DA:34,0
DA:36,0
DA:37,0
DA:38,0
DA:39,0
DA:40,0
DA:41,0
DA:42,0
DA:46,0
DA:48,0
DA:52,0
DA:53,0
DA:54,0
DA:56,0
DA:61,0
DA:62,0
DA:63,0
DA:64,0
DA:65,0
DA:66,0
DA:68,0
DA:69,0
DA:70,0
DA:77,0
DA:78,0
DA:79,0
DA:80,0
DA:81,0
DA:82,0
DA:83,0
DA:86,0
DA:87,0
DA:89,0
DA:90,0
DA:91,0
DA:95,0
DA:96,0
DA:97,0
DA:99,0
DA:101,0
DA:102,0
DA:104,0
DA:105,0
DA:110,0
DA:116,0
DA:117,0
DA:118,0
DA:119,0
DA:120,0
DA:121,0
DA:122,0
DA:123,0
DA:124,0
DA:125,0
DA:127,0
DA:131,0
DA:133,0
DA:134,0
DA:138,0
DA:139,0
DA:142,0
DA:143,0
DA:146,0
DA:147,0
DA:148,0
DA:149,0
DA:150,0
DA:153,0
DA:155,0
DA:156,0
DA:157,0
DA:158,0
DA:159,0
DA:162,0
DA:163,0
DA:164,0
DA:165,0
DA:168,0
DA:175,0
DA:176,0
DA:177,0
DA:180,0
DA:182,0
DA:184,0
DA:193,0
DA:195,0
DA:197,0
DA:199,0
DA:201,0
DA:202,0
DA:203,0
DA:209,0
DA:211,0
DA:218,0
DA:221,0
DA:226,0
DA:228,0
DA:230,0
DA:244,0
DA:245,0
DA:251,0
DA:253,0
DA:254,0
DA:255,0
DA:262,0
DA:263,0
DA:268,0
DA:270,0
DA:271,0
DA:272,0
DA:273,0
DA:275,0
DA:287,0
DA:299,0
DA:301,0
DA:302,0
DA:303,0
DA:305,0
DA:306,0
DA:309,0
DA:310,0
DA:311,0
DA:319,0
DA:320,0
DA:321,0
DA:322,0
DA:323,0
DA:327,0
DA:333,0
DA:336,0
DA:337,0
DA:339,0
DA:343,0
DA:345,0
DA:346,0
DA:361,0
DA:373,0
DA:376,0
DA:380,0
DA:381,0
DA:382,0
DA:383,0
DA:384,0
DA:386,0
DA:392,0
DA:403,0
DA:404,0
DA:405,0
DA:406,0
DA:407,0
DA:408,0
DA:409,0
DA:415,0
DA:416,0
DA:423,0
DA:424,0
DA:425,0
DA:426,0
DA:428,0
DA:429,0
DA:430,0
DA:432,0
DA:433,0
DA:434,0
DA:436,0
DA:437,0
DA:445,0
DA:446,0
DA:447,0
DA:448,0
DA:452,0
DA:458,0
DA:459,0
DA:461,0
DA:462,0
DA:464,0
DA:469,0
DA:470,0
DA:471,0
DA:472,0
DA:473,0
DA:475,0
DA:476,0
DA:478,0
DA:487,0
DA:501,0
DA:502,0
DA:503,0
DA:505,0
DA:506,0
DA:507,0
DA:509,0
DA:510,0
DA:511,0
DA:513,0
DA:518,0
DA:532,0
DA:533,0
DA:534,0
DA:535,0
DA:536,0
DA:537,0
DA:538,0
DA:541,0
DA:542,0
DA:543,0
DA:544,0
DA:545,0
DA:549,0
DA:551,0
DA:553,0
DA:554,0
DA:555,0
DA:562,0
DA:563,0
DA:564,0
DA:566,0
DA:573,0
DA:574,0
DA:576,0
DA:577,0
DA:584,0
DA:589,0
DA:591,0
DA:592,0
DA:596,0
LF:233
LH:0
end_of_record
SF:lib\vista\auth\pantalla_registro.dart
DA:6,1
DA:8,1
DA:10,1
DA:12,1
DA:14,1
DA:15,1
DA:16,1
DA:19,1
DA:21,1
DA:22,1
DA:23,1
DA:30,1
DA:31,1
DA:32,1
DA:34,1
DA:36,1
DA:60,1
DA:61,1
DA:62,1
DA:63,1
DA:64,1
DA:65,1
DA:68,1
DA:69,1
DA:73,1
DA:74,2
DA:77,0
DA:83,1
DA:84,1
DA:86,1
DA:87,1
DA:90,1
DA:92,1
DA:93,0
DA:94,0
DA:98,1
DA:100,1
DA:101,1
DA:108,1
DA:123,1
DA:124,1
DA:125,1
DA:128,1
DA:129,1
DA:132,3
DA:139,1
DA:140,1
DA:141,1
DA:144,1
DA:145,1
DA:148,2
DA:155,1
DA:156,1
DA:158,1
DA:161,1
DA:162,1
DA:165,3
DA:172,1
DA:173,1
DA:175,1
DA:179,1
DA:180,1
DA:183,3
DA:189,1
DA:190,1
DA:192,1
DA:193,1
DA:194,1
DA:196,0
DA:200,1
DA:201,0
DA:202,0
DA:206,1
DA:209,1
DA:210,1
DA:213,1
DA:219,1
DA:221,1
DA:223,1
DA:224,0
DA:225,0
LF:81
LH:73
end_of_record
SF:lib\vistamodelo\auth\registro_vm.dart
DA:28,1
DA:33,0
DA:34,0
DA:35,0
DA:38,1
DA:39,3
DA:40,1
DA:41,0
DA:42,0
DA:46,1
DA:47,1
DA:50,2
DA:51,1
DA:54,1
DA:55,1
DA:59,1
DA:60,1
DA:61,1
DA:62,1
DA:63,6
DA:65,2
DA:66,1
DA:67,1
DA:70,0
DA:71,0
DA:72,0
DA:78,1
DA:80,2
DA:84,1
DA:85,1
DA:86,1
DA:89,3
DA:92,1
DA:93,1
DA:94,1
DA:95,1
DA:96,1
DA:98,2
DA:99,1
DA:100,1
DA:101,1
DA:106,2
DA:107,3
DA:108,3
DA:111,2
DA:114,1
DA:117,3
DA:118,3
DA:119,3
DA:123,1
DA:128,5
DA:132,2
DA:134,5
DA:139,0
DA:143,2
DA:145,1
DA:146,1
DA:148,0
DA:149,0
DA:151,0
DA:154,0
DA:155,0
DA:159,0
DA:162,0
DA:163,0
DA:164,0
DA:165,0
DA:166,0
DA:167,0
LF:69
LH:48
end_of_record
SF:lib\vista\mapa\pantalla_mapa_interactivo.dart
DA:14,1
DA:16,1
DA:18,1
DA:32,1
DA:34,1
DA:37,3
DA:38,3
DA:40,1
DA:43,1
DA:45,1
DA:46,3
DA:48,1
DA:52,3
DA:53,2
DA:54,1
DA:55,2
DA:56,5
DA:60,3
DA:61,2
DA:62,1
DA:63,2
DA:64,5
DA:68,1
DA:69,2
DA:70,1
DA:71,1
DA:75,0
DA:76,0
DA:80,0
DA:81,0
DA:82,0
DA:84,0
DA:87,0
DA:88,0
DA:90,0
DA:91,0
DA:92,0
DA:98,0
DA:99,0
DA:100,0
DA:101,0
DA:102,0
DA:103,0
DA:104,0
DA:107,0
DA:108,0
DA:110,0
DA:112,0
DA:114,0
DA:115,0
DA:116,0
DA:118,0
DA:121,0
DA:123,0
DA:125,0
DA:126,0
DA:129,0
DA:131,0
DA:133,0
DA:134,0
DA:140,1
DA:141,2
DA:142,1
DA:143,2
DA:147,1
DA:150,3
DA:152,1
DA:154,1
DA:157,1
DA:158,2
DA:161,1
DA:163,1
DA:164,1
DA:165,1
DA:167,1
DA:168,1
DA:169,1
DA:172,0
DA:173,0
DA:176,1
DA:177,1
DA:182,1
DA:183,3
DA:184,1
DA:185,1
DA:188,2
DA:195,2
DA:200,1
DA:203,3
DA:204,1
DA:205,2
DA:206,1
DA:213,1
DA:217,2
DA:224,1
DA:225,1
DA:226,2
DA:227,2
DA:229,0
DA:230,1
DA:233,0
DA:234,1
DA:236,0
DA:237,1
DA:238,1
DA:241,0
DA:242,1
DA:243,1
DA:247,1
DA:248,1
DA:251,1
DA:255,1
DA:256,1
DA:257,2
DA:261,1
DA:262,1
DA:263,1
DA:264,1
DA:270,1
DA:272,1
DA:273,1
DA:274,1
DA:275,1
DA:276,1
DA:277,2
DA:278,0
DA:284,0
DA:287,0
DA:291,1
DA:294,1
DA:295,1
DA:303,1
DA:304,1
DA:306,1
DA:307,1
DA:309,1
DA:312,1
DA:318,1
DA:320,1
DA:321,1
DA:328,1
DA:329,1
DA:330,1
DA:332,1
DA:334,1
DA:336,1
DA:348,1
DA:350,0
DA:351,0
DA:352,1
DA:354,1
DA:359,1
DA:370,1
DA:372,1
DA:373,1
DA:376,1
DA:377,1
DA:379,0
DA:380,0
DA:382,0
DA:383,0
DA:385,0
DA:392,1
DA:395,1
DA:402,1
DA:403,1
DA:406,1
LF:167
LH:117
end_of_record
SF:lib\vistamodelo\comentarios\comentarios_viewmodel.dart
DA:9,1
DA:10,0
DA:12,1
DA:14,1
DA:15,1
DA:16,1
DA:17,1
DA:18,2
DA:19,1
DA:20,1
DA:21,4
DA:23,1
LF:12
LH:11
end_of_record
SF:lib\vistamodelo\notificacion\notificacion_vm.dart
DA:10,0
DA:11,0
DA:21,1
DA:25,0
DA:26,0
DA:27,0
DA:30,3
DA:33,2
DA:38,1
DA:39,3
DA:42,1
DA:45,5
DA:46,1
DA:47,1
DA:48,1
DA:51,6
DA:52,1
DA:57,1
DA:58,3
DA:62,2
DA:64,1
DA:65,1
DA:66,1
DA:67,1
DA:68,1
DA:70,2
DA:71,3
DA:74,1
DA:76,1
DA:77,1
DA:81,0
DA:82,0
DA:83,0
DA:86,0
DA:88,0
DA:89,0
LF:36
LH:25
end_of_record
SF:lib\vista\reportes\pantalla_reporte_mascota.dart
DA:11,0
DA:13,0
DA:15,0
DA:16,0
DA:23,1
DA:25,1
DA:27,1
DA:29,1
DA:31,1
DA:33,1
DA:37,1
DA:38,1
DA:39,1
DA:41,4
DA:43,1
DA:47,1
DA:48,3
DA:53,1
DA:55,4
DA:56,1
DA:57,1
DA:58,1
DA:60,1
DA:61,1
DA:62,5
DA:63,1
DA:66,1
DA:67,1
DA:80,1
DA:81,1
DA:90,1
DA:92,1
DA:94,1
DA:97,1
DA:98,1
DA:99,1
DA:101,1
DA:103,1
DA:106,1
DA:107,1
DA:108,1
DA:110,1
DA:112,4
DA:113,1
DA:115,1
DA:118,1
DA:119,2
DA:120,2
DA:121,1
DA:122,1
DA:123,1
DA:129,0
DA:130,0
DA:137,2
DA:138,0
DA:141,0
DA:142,0
DA:143,0
DA:157,1
DA:158,0
DA:159,0
DA:161,0
DA:167,0
DA:168,0
DA:176,0
DA:177,0
DA:178,0
DA:179,0
DA:188,0
DA:189,0
DA:190,0
DA:191,0
DA:192,0
DA:203,1
DA:206,1
DA:207,1
DA:208,1
DA:209,1
DA:210,1
DA:214,1
DA:215,1
DA:216,1
DA:219,1
DA:220,1
DA:247,1
DA:250,1
DA:252,1
DA:254,1
DA:255,0
DA:256,0
DA:258,0
DA:264,0
DA:265,0
DA:273,0
DA:274,0
DA:275,0
DA:276,0
DA:285,0
DA:286,0
DA:287,0
DA:288,0
DA:289,0
DA:301,1
DA:305,1
DA:306,1
DA:316,1
DA:317,0
DA:318,0
DA:320,0
DA:326,0
DA:327,0
DA:335,0
DA:336,0
DA:337,0
DA:338,0
DA:347,0
DA:348,0
DA:349,0
DA:350,0
DA:351,0
DA:366,1
DA:370,1
DA:371,1
DA:381,1
DA:382,0
DA:383,0
DA:384,0
DA:388,0
DA:389,0
DA:390,0
DA:391,0
DA:392,0
DA:394,0
DA:395,0
DA:396,0
DA:398,0
DA:399,0
DA:401,0
DA:402,0
DA:403,0
DA:405,0
DA:417,1
DA:421,1
DA:422,1
DA:436,1
DA:437,1
DA:439,3
DA:440,1
DA:441,1
DA:444,1
DA:445,1
DA:451,3
DA:452,1
DA:453,1
DA:456,1
DA:458,3
DA:459,1
DA:460,1
DA:463,1
DA:466,0
DA:469,1
DA:471,1
DA:472,2
DA:473,1
DA:475,1
DA:476,4
DA:477,2
DA:486,3
DA:487,1
DA:502,1
DA:504,1
DA:506,1
DA:507,3
DA:508,3
DA:509,3
DA:510,1
DA:511,1
DA:512,1
DA:514,1
DA:515,1
DA:516,1
DA:519,1
DA:520,1
DA:522,1
DA:523,1
DA:526,1
DA:528,1
DA:529,0
DA:530,0
DA:532,0
DA:533,0
DA:534,0
DA:539,0
DA:540,0
DA:541,0
DA:544,0
DA:545,0
DA:548,1
DA:551,1
DA:553,1
DA:554,0
DA:555,0
DA:557,0
DA:560,0
DA:561,0
DA:562,0
DA:565,0
DA:566,0
DA:575,1
DA:576,1
DA:578,1
DA:588,1
DA:591,1
DA:594,1
DA:595,1
DA:603,0
DA:604,0
DA:606,0
DA:607,0
DA:612,0
DA:613,0
DA:614,0
DA:615,0
DA:618,0
DA:619,0
DA:621,0
DA:622,0
DA:625,0
DA:631,3
DA:632,1
DA:634,1
DA:635,1
DA:637,1
DA:639,1
DA:643,1
DA:644,2
DA:649,3
DA:650,0
DA:651,0
DA:666,1
DA:669,1
DA:671,1
DA:672,1
DA:677,0
DA:678,0
DA:680,0
DA:681,0
DA:686,0
DA:687,0
DA:688,0
DA:689,0
DA:691,0
DA:692,0
DA:697,0
DA:698,0
DA:699,0
DA:702,3
DA:703,0
DA:704,0
DA:711,0
DA:712,0
DA:721,1
DA:722,1
DA:724,0
DA:726,1
DA:727,1
DA:729,0
DA:730,0
DA:731,0
DA:734,1
DA:737,1
DA:739,1
DA:740,2
DA:741,1
DA:743,0
DA:744,0
DA:745,0
DA:760,1
DA:762,1
DA:764,1
DA:765,1
DA:767,1
DA:769,1
DA:771,1
DA:772,1
DA:774,2
DA:775,1
DA:776,1
DA:778,1
DA:779,2
DA:780,1
DA:781,2
DA:782,1
DA:783,3
DA:788,1
DA:789,2
DA:790,4
DA:791,4
DA:792,2
DA:793,2
DA:794,2
DA:795,1
DA:796,1
DA:798,0
DA:801,1
DA:802,1
DA:804,1
DA:805,2
DA:806,1
DA:807,1
DA:808,1
DA:810,1
DA:811,1
DA:812,1
DA:813,2
DA:818,1
DA:833,2
DA:835,1
DA:845,2
DA:848,2
DA:849,1
DA:852,2
DA:855,1
DA:856,1
DA:857,1
DA:858,2
DA:860,1
DA:861,1
DA:866,1
DA:873,1
DA:874,1
DA:882,2
DA:884,1
DA:886,1
DA:887,2
DA:888,2
DA:893,2
DA:895,1
DA:896,2
DA:897,2
DA:900,1
DA:906,1
DA:907,1
DA:909,1
DA:912,1
DA:916,1
DA:917,1
DA:918,1
DA:919,1
DA:925,1
LF:350
LH:222
end_of_record
SF:lib\vistamodelo\reportes\reporte_vm.dart
DA:14,0
DA:15,0
DA:18,0
DA:22,0
DA:25,0
DA:26,0
DA:28,0
DA:29,0
DA:30,0
DA:34,0
DA:46,2
DA:51,0
DA:52,0
DA:53,0
DA:54,0
DA:65,4
DA:66,4
DA:67,3
DA:68,3
DA:70,2
DA:71,4
DA:74,0
DA:76,0
DA:77,0
DA:81,2
DA:82,2
DA:83,2
DA:86,2
DA:87,4
DA:88,4
DA:89,2
DA:93,1
DA:94,2
DA:95,2
DA:96,1
DA:100,1
DA:101,3
DA:102,1
DA:105,0
DA:106,0
DA:107,0
DA:111,1
DA:113,2
DA:114,2
DA:116,1
DA:117,1
DA:119,2
DA:120,1
DA:125,0
DA:127,0
DA:128,0
DA:129,0
DA:130,0
DA:131,0
DA:133,0
DA:134,0
DA:138,0
DA:139,0
DA:141,0
DA:142,0
DA:143,0
DA:144,0
DA:145,0
DA:147,0
DA:148,0
DA:152,2
DA:154,2
DA:155,2
DA:157,6
DA:158,6
DA:160,6
DA:162,2
DA:163,8
DA:165,2
DA:171,4
DA:176,2
DA:177,2
DA:180,1
DA:181,1
DA:182,3
LF:80
LH:43
end_of_record
SF:lib\vista\reportes\pantalla_mapa_osm.dart
DA:11,1
DA:17,0
DA:18,0
DA:42,0
DA:44,0
DA:45,0
DA:46,0
DA:50,0
DA:51,0
DA:52,0
DA:53,0
DA:54,0
DA:57,0
DA:58,0
DA:60,0
DA:62,0
DA:65,0
DA:66,0
DA:69,0
DA:72,0
DA:73,0
DA:79,0
DA:80,0
DA:81,0
DA:84,0
DA:85,0
DA:86,0
DA:90,0
DA:93,0
DA:95,0
DA:99,0
DA:101,0
DA:103,0
DA:104,0
DA:114,0
DA:115,0
DA:116,0
DA:117,0
DA:118,0
DA:120,0
DA:122,0
DA:123,0
DA:124,0
DA:126,0
DA:129,0
DA:130,0
DA:134,0
DA:135,0
DA:136,0
DA:137,0
DA:138,0
DA:142,0
DA:154,0
DA:155,0
DA:159,0
DA:162,0
DA:164,0
DA:165,0
DA:166,0
DA:173,0
DA:175,0
DA:176,0
DA:177,0
DA:178,0
DA:190,0
DA:191,0
DA:199,0
DA:201,0
DA:202,0
DA:203,0
DA:209,0
DA:210,0
DA:211,0
DA:226,0
DA:230,0
DA:232,0
DA:233,0
DA:241,0
DA:245,0
DA:246,0
DA:253,0
DA:255,0
DA:256,0
DA:257,0
DA:258,0
DA:259,0
DA:260,0
LF:87
LH:1
end_of_record
SF:lib\vista\reportes\video_recorte_page.dart
DA:10,0
DA:12,0
DA:13,0
DA:22,0
DA:24,0
DA:25,0
DA:28,0
DA:30,0
DA:32,0
DA:34,0
DA:35,0
DA:39,0
DA:40,0
DA:41,0
DA:42,0
DA:43,0
DA:44,0
DA:46,0
DA:48,0
DA:49,0
DA:50,0
DA:54,0
DA:56,0
DA:59,0
DA:60,0
DA:62,0
DA:63,0
DA:64,0
DA:65,0
DA:68,0
DA:71,0
DA:72,0
DA:74,0
DA:75,0
DA:80,0
DA:85,0
LF:36
LH:0
end_of_record
SF:lib\vistamodelo\reportes\avistamiento_vm.dart
DA:19,0
DA:21,0
DA:22,0
DA:25,0
DA:26,0
DA:28,0
DA:30,0
DA:31,0
DA:36,0
DA:40,0
DA:41,0
DA:43,0
DA:44,0
DA:45,0
DA:47,0
DA:48,0
DA:49,0
DA:54,0
DA:55,0
DA:56,0
DA:57,0
DA:62,0
DA:63,0
DA:64,0
DA:65,0
DA:66,0
DA:67,0
DA:69,0
DA:70,0
DA:74,0
DA:76,0
DA:77,0
DA:79,0
DA:80,0
DA:81,0
DA:82,0
DA:84,0
DA:85,0
DA:87,0
DA:88,0
DA:90,0
DA:91,0
DA:92,0
DA:96,0
DA:99,0
DA:104,0
DA:105,0
DA:108,0
DA:109,0
DA:110,0
DA:116,0
DA:123,0
DA:124,0
DA:126,0
DA:127,0
DA:128,0
DA:129,0
DA:130,0
DA:131,0
DA:132,0
DA:135,0
DA:138,0
DA:140,0
DA:141,0
DA:142,0
DA:143,0
DA:145,0
DA:146,0
DA:147,0
DA:148,0
DA:150,0
DA:151,0
DA:152,0
DA:153,0
DA:154,0
DA:157,0
DA:158,0
DA:162,0
DA:165,0
DA:166,0
DA:168,0
DA:169,0
DA:170,0
DA:171,0
DA:172,0
DA:174,0
DA:175,0
DA:177,0
DA:182,0
DA:187,0
DA:189,0
DA:190,0
DA:191,0
DA:192,0
DA:194,0
DA:200,0
DA:201,0
DA:202,0
DA:203,0
DA:204,0
DA:206,0
DA:211,0
DA:216,0
DA:221,0
DA:226,0
DA:227,0
DA:229,1
DA:230,3
DA:231,3
DA:233,1
DA:234,1
DA:235,0
DA:242,1
DA:248,2
DA:249,2
DA:250,2
DA:251,2
DA:252,1
LF:118
LH:11
end_of_record
SF:lib\app.dart
DA:28,0
DA:31,0
DA:33,0
DA:35,0
DA:37,0
DA:40,0
DA:41,0
DA:43,0
DA:60,0
DA:61,0
DA:62,0
DA:65,0
DA:66,0
DA:69,0
DA:70,0
DA:73,0
DA:74,0
DA:75,0
DA:78,0
DA:79,0
DA:82,0
DA:83,0
DA:84,0
DA:85,0
DA:86,0
DA:87,0
DA:91,0
DA:93,0
LF:28
LH:0
end_of_record
SF:lib\vista\usuario\pantalla_comentarios.dart
DA:11,2
DA:13,0
DA:14,0
DA:33,0
DA:35,0
DA:36,0
DA:39,0
DA:40,0
DA:42,0
DA:43,0
DA:44,0
DA:45,0
DA:46,0
DA:47,0
DA:48,0
DA:53,0
DA:54,0
DA:56,0
DA:57,0
DA:58,0
DA:61,0
DA:62,0
DA:64,0
DA:69,0
DA:70,0
DA:71,0
DA:72,0
DA:76,0
DA:78,0
DA:79,0
DA:85,0
DA:86,0
DA:87,0
DA:88,0
DA:89,0
DA:90,0
DA:91,0
DA:92,0
DA:93,0
DA:94,0
DA:97,0
DA:98,0
DA:101,0
DA:102,0
DA:103,0
DA:104,0
DA:105,0
DA:106,0
DA:110,0
DA:112,0
DA:113,0
DA:117,0
DA:118,0
DA:120,0
DA:122,0
DA:124,0
DA:126,0
DA:128,0
DA:132,0
DA:133,0
DA:134,0
DA:135,0
DA:137,0
DA:140,0
DA:141,0
DA:142,0
DA:143,0
DA:145,0
DA:146,0
DA:147,0
DA:152,0
DA:153,0
DA:154,0
DA:155,0
DA:158,0
DA:161,0
DA:162,0
DA:165,0
DA:166,0
DA:170,0
DA:171,0
DA:172,0
DA:173,0
DA:175,0
DA:176,0
DA:177,0
DA:178,0
DA:180,0
DA:181,0
DA:182,0
DA:183,0
DA:185,0
DA:186,0
DA:191,0
DA:192,0
DA:194,0
DA:195,0
DA:196,0
DA:197,0
DA:198,0
DA:199,0
DA:200,0
DA:202,0
DA:203,0
DA:204,0
DA:207,0
DA:208,0
DA:215,0
DA:217,0
DA:218,0
DA:219,0
DA:220,0
DA:221,0
DA:222,0
DA:223,0
DA:224,0
DA:225,0
DA:226,0
DA:227,0
DA:228,0
DA:229,0
DA:230,0
DA:231,0
DA:232,0
DA:233,0
DA:235,0
DA:241,0
DA:242,0
DA:244,0
DA:245,0
DA:246,0
DA:247,0
DA:248,0
DA:249,0
DA:250,0
DA:251,0
DA:252,0
DA:253,0
DA:254,0
DA:255,0
DA:256,0
DA:260,0
DA:263,0
DA:264,0
DA:265,0
DA:267,0
DA:268,0
DA:269,0
DA:271,0
DA:272,0
DA:274,0
DA:278,0
DA:283,0
DA:285,0
DA:287,0
DA:288,0
DA:294,0
DA:295,0
DA:297,0
DA:298,0
DA:300,0
DA:301,0
DA:302,0
DA:303,0
DA:318,0
DA:319,0
DA:320,0
DA:322,0
DA:323,0
DA:324,0
DA:327,0
DA:328,0
DA:329,0
DA:333,0
DA:338,0
DA:340,0
DA:341,0
DA:342,0
DA:343,0
DA:344,0
DA:345,0
DA:346,0
DA:355,0
DA:356,0
DA:357,0
DA:358,0
DA:359,0
DA:360,0
DA:361,0
DA:364,0
DA:365,0
DA:368,0
DA:369,0
DA:370,0
DA:371,0
DA:372,0
DA:373,0
DA:374,0
DA:375,0
DA:376,0
DA:377,0
DA:378,0
DA:379,0
DA:380,0
DA:381,0
DA:382,0
DA:383,0
DA:384,0
DA:385,0
DA:386,0
DA:388,0
DA:389,0
DA:390,0
DA:391,0
DA:395,0
DA:396,0
DA:397,0
DA:398,0
DA:401,0
DA:402,0
DA:403,0
DA:404,0
DA:406,0
DA:408,0
DA:411,0
DA:413,0
DA:414,0
DA:423,0
DA:424,0
DA:426,0
DA:427,0
DA:428,0
DA:430,0
DA:432,0
DA:433,0
DA:435,0
DA:436,0
DA:437,0
DA:445,0
DA:446,0
DA:448,0
DA:449,0
DA:457,0
DA:466,0
DA:468,0
DA:499,0
DA:519,0
DA:521,0
DA:523,0
DA:524,0
DA:526,0
DA:527,0
DA:528,0
DA:529,0
DA:530,0
DA:533,0
DA:536,0
DA:537,0
DA:539,0
DA:540,0
DA:543,0
DA:545,0
DA:547,0
DA:548,0
DA:549,0
DA:556,0
DA:557,0
DA:558,0
DA:562,0
DA:563,0
DA:564,0
DA:567,0
DA:568,0
DA:570,0
DA:571,0
DA:573,0
DA:582,0
DA:584,0
DA:586,0
DA:588,0
DA:589,0
DA:590,0
DA:593,0
DA:594,0
DA:595,0
DA:596,0
DA:597,0
DA:598,0
DA:599,0
DA:600,0
DA:601,0
DA:602,0
DA:603,0
DA:604,0
DA:605,0
DA:609,0
DA:611,0
DA:613,0
DA:618,0
DA:620,0
DA:622,0
DA:624,0
DA:626,0
DA:628,0
DA:629,0
DA:630,0
DA:631,0
DA:633,0
LF:308
LH:1
end_of_record
SF:lib\vista\usuario\pantalla_notificacion.dart
DA:7,2
DA:9,0
DA:10,0
DA:14,0
DA:16,0
DA:17,0
DA:18,0
DA:19,0
DA:20,0
DA:24,0
DA:26,0
DA:28,0
DA:29,0
DA:33,0
DA:34,0
DA:41,0
DA:43,0
DA:44,0
DA:45,0
DA:49,0
DA:50,0
DA:52,0
DA:55,0
DA:61,0
DA:62,0
DA:64,0
DA:69,0
DA:70,0
DA:73,0
DA:74,0
DA:77,0
DA:91,0
DA:93,0
DA:94,0
DA:97,0
DA:99,0
DA:100,0
LF:37
LH:1
end_of_record
SF:lib\vista\usuario\pantalla_inicio.dart
DA:10,2
DA:12,0
DA:13,0
DA:19,0
DA:21,0
DA:22,0
DA:26,0
DA:30,0
DA:34,0
DA:35,0
DA:37,0
DA:38,0
DA:39,0
DA:41,0
DA:43,0
DA:49,0
DA:50,0
DA:51,0
DA:57,0
DA:59,0
DA:79,0
DA:80,0
DA:83,0
DA:85,0
DA:88,0
DA:90,0
DA:93,0
DA:95,0
DA:96,0
DA:98,0
DA:99,0
DA:106,0
DA:109,0
DA:111,0
DA:114,0
DA:116,0
DA:117,0
DA:118,0
DA:119,0
DA:122,0
DA:132,0
DA:133,0
DA:141,0
DA:142,0
DA:144,0
DA:157,0
DA:159,0
DA:160,0
DA:161,0
DA:162,0
DA:163,0
DA:164,0
DA:165,0
DA:167,0
DA:169,0
DA:170,0
DA:171,0
DA:172,0
DA:181,0
DA:183,0
DA:191,0
DA:192,0
DA:194,0
DA:196,0
DA:206,0
DA:209,0
DA:210,0
DA:214,0
DA:219,0
DA:223,0
DA:228,0
DA:232,0
DA:233,0
DA:251,0
DA:257,0
DA:259,0
DA:261,0
DA:265,0
DA:267,0
DA:268,0
DA:269,0
DA:270,0
DA:276,0
DA:278,0
DA:279,0
DA:281,0
DA:296,0
DA:297,0
DA:299,0
DA:301,0
DA:302,0
DA:303,0
DA:305,0
DA:316,0
DA:317,0
DA:319,0
DA:321,0
DA:324,0
DA:325,0
DA:326,0
DA:327,0
DA:328,0
DA:329,0
DA:330,0
DA:333,0
DA:334,0
DA:335,0
DA:336,0
DA:337,0
DA:338,0
DA:339,0
DA:340,0
DA:342,0
DA:344,0
DA:345,0
DA:346,0
DA:347,0
DA:349,0
DA:355,0
DA:357,0
DA:358,0
DA:359,0
DA:376,0
DA:377,0
DA:378,0
DA:379,0
DA:380,0
DA:381,0
DA:383,0
DA:384,0
DA:385,0
DA:388,0
DA:389,0
DA:392,0
DA:398,0
DA:399,0
DA:414,0
DA:416,0
DA:418,0
DA:419,0
DA:420,0
DA:426,0
DA:427,0
DA:438,0
DA:439,0
DA:440,0
DA:441,0
DA:445,0
DA:446,0
DA:450,0
DA:451,0
DA:455,0
DA:459,0
DA:460,0
DA:464,0
DA:475,0
DA:479,0
DA:481,0
DA:485,0
DA:487,0
DA:491,0
DA:493,0
DA:496,0
DA:500,0
DA:502,0
DA:506,0
DA:508,0
DA:512,0
DA:513,0
DA:515,0
DA:518,0
DA:519,0
DA:520,0
DA:523,0
DA:524,0
DA:525,0
DA:534,0
DA:535,0
DA:536,0
DA:537,0
DA:540,0
DA:549,0
DA:550,0
DA:553,0
DA:554,0
DA:555,0
DA:556,0
DA:570,0
DA:576,0
DA:578,0
DA:580,0
DA:582,0
DA:584,0
DA:585,0
DA:587,0
DA:588,0
DA:590,0
DA:605,0
DA:611,0
DA:612,0
DA:613,0
DA:614,0
DA:615,0
LF:203
LH:1
end_of_record
SF:lib\vista\usuario\pantalla_perfil.dart
DA:9,2
DA:11,0
DA:12,0
DA:35,0
DA:37,0
DA:38,0
DA:41,0
DA:42,0
DA:43,0
DA:44,0
DA:45,0
DA:46,0
DA:48,0
DA:49,0
DA:50,0
DA:51,0
DA:52,0
DA:53,0
DA:56,0
DA:59,0
DA:60,0
DA:62,0
DA:63,0
DA:64,0
DA:65,0
DA:68,0
DA:69,0
DA:75,0
DA:76,0
DA:77,0
DA:80,0
DA:81,0
DA:82,0
DA:85,0
DA:86,0
DA:88,0
DA:89,0
DA:95,0
DA:96,0
DA:97,0
DA:98,0
DA:99,0
DA:101,0
DA:103,0
DA:110,0
DA:111,0
DA:112,0
DA:113,0
DA:114,0
DA:115,0
DA:116,0
DA:117,0
DA:118,0
DA:120,0
DA:121,0
DA:122,0
DA:134,0
DA:135,0
DA:136,0
DA:143,0
DA:144,0
DA:145,0
DA:146,0
DA:147,0
DA:150,0
DA:152,0
DA:155,0
DA:157,0
DA:160,0
DA:167,0
DA:169,0
DA:173,0
DA:175,0
DA:182,0
DA:183,0
DA:184,0
DA:192,0
DA:193,0
DA:195,0
DA:196,0
DA:197,0
DA:198,0
DA:200,0
DA:201,0
DA:202,0
DA:203,0
DA:204,0
DA:205,0
DA:212,0
DA:215,0
DA:216,0
DA:217,0
DA:218,0
DA:219,0
DA:220,0
DA:223,0
DA:226,0
DA:227,0
DA:228,0
DA:229,0
DA:231,0
DA:251,0
DA:253,0
DA:254,0
DA:255,0
DA:257,0
DA:259,0
DA:267,0
DA:269,0
DA:270,0
DA:271,0
DA:275,0
DA:276,0
DA:277,0
DA:279,0
DA:298,0
DA:299,0
DA:302,0
DA:303,0
DA:304,0
DA:305,0
DA:306,0
DA:307,0
DA:308,0
DA:322,0
DA:323,0
DA:327,0
DA:329,0
DA:330,0
DA:331,0
DA:338,0
DA:340,0
DA:341,0
DA:356,0
DA:357,0
DA:360,0
DA:363,0
DA:364,0
DA:369,0
DA:374,0
DA:376,0
DA:378,0
DA:379,0
LF:143
LH:1
end_of_record
SF:lib\vista\reportes\pantalla_avistamiento.dart
DA:9,2
DA:11,0
DA:13,0
DA:14,0
DA:21,2
DA:23,0
DA:25,0
DA:39,0
DA:41,0
DA:42,0
DA:43,0
DA:44,0
DA:45,0
DA:48,0
DA:50,0
DA:52,0
DA:54,0
DA:63,0
DA:64,0
DA:65,0
DA:67,0
DA:69,0
DA:71,0
DA:72,0
DA:73,0
DA:75,0
DA:77,0
DA:78,0
DA:80,0
DA:83,0
DA:84,0
DA:85,0
DA:86,0
DA:87,0
DA:95,0
DA:100,0
DA:102,0
DA:103,0
DA:104,0
DA:106,0
DA:110,0
DA:111,0
DA:112,0
DA:115,0
DA:116,0
DA:118,0
DA:119,0
DA:121,0
DA:122,0
DA:123,0
DA:124,0
DA:138,0
DA:142,0
DA:143,0
DA:152,0
DA:153,0
DA:155,0
DA:159,0
DA:160,0
DA:161,0
DA:164,0
DA:165,0
DA:166,0
DA:167,0
DA:169,0
DA:179,0
DA:180,0
DA:182,0
DA:183,0
DA:184,0
DA:185,0
DA:202,0
DA:203,0
DA:206,0
DA:207,0
DA:224,0
DA:225,0
DA:226,0
DA:228,0
DA:229,0
DA:230,0
DA:232,0
DA:233,0
DA:234,0
DA:239,0
DA:240,0
DA:242,0
DA:243,0
DA:247,0
DA:248,0
DA:249,0
DA:250,0
DA:251,0
DA:253,0
DA:254,0
DA:259,0
DA:264,0
DA:265,0
DA:266,0
DA:279,0
DA:280,0
DA:281,0
DA:282,0
DA:283,0
DA:284,0
DA:285,0
DA:287,0
DA:293,0
DA:294,0
DA:296,0
DA:297,0
DA:298,0
DA:301,0
DA:302,0
DA:303,0
DA:306,0
DA:312,0
DA:313,0
DA:314,0
DA:316,0
DA:322,0
DA:323,0
DA:325,0
DA:328,0
DA:329,0
DA:330,0
DA:333,0
DA:334,0
DA:344,0
DA:345,0
DA:346,0
DA:347,0
DA:349,0
DA:352,0
DA:353,0
DA:362,0
DA:363,0
DA:364,0
DA:366,0
DA:368,0
DA:370,0
DA:371,0
DA:372,0
DA:384,0
DA:386,0
DA:387,0
DA:388,0
DA:396,0
DA:399,0
DA:405,0
DA:409,0
DA:410,0
DA:411,0
DA:412,0
DA:418,0
DA:449,0
DA:451,0
DA:461,0
DA:464,0
DA:465,0
DA:468,0
DA:471,0
DA:472,0
DA:473,0
DA:474,0
DA:476,0
DA:477,0
LF:167
LH:2
end_of_record
SF:lib\vista\reportes\pantalla_ver_reportes.dart
DA:6,2
DA:8,0
DA:9,0
DA:21,0
DA:23,0
DA:25,0
DA:27,0
DA:48,0
DA:49,0
DA:50,0
DA:51,0
DA:52,0
DA:66,0
DA:68,0
DA:69,0
DA:70,0
DA:72,0
DA:74,0
DA:76,0
DA:83,0
DA:85,0
DA:86,0
DA:87,0
DA:88,0
DA:92,0
DA:94,0
DA:95,0
DA:96,0
DA:97,0
DA:105,0
DA:107,0
DA:108,0
DA:109,0
DA:110,0
DA:111,0
DA:112,0
DA:113,0
DA:114,0
DA:116,0
DA:117,0
DA:118,0
DA:120,0
DA:121,0
DA:122,0
DA:124,0
DA:125,0
DA:126,0
DA:127,0
DA:128,0
DA:129,0
DA:133,0
DA:134,0
DA:135,0
DA:136,0
DA:138,0
DA:139,0
DA:140,0
DA:142,0
DA:143,0
DA:144,0
DA:148,0
DA:150,0
DA:152,0
DA:153,0
DA:154,0
DA:155,0
DA:161,0
DA:163,0
DA:165,0
DA:167,0
DA:168,0
DA:169,0
DA:170,0
DA:176,0
DA:179,0
DA:190,0
DA:191,0
DA:193,0
DA:195,0
DA:196,0
DA:197,0
DA:198,0
DA:206,0
DA:211,0
DA:212,0
DA:213,0
DA:214,0
DA:216,0
DA:218,0
DA:229,0
DA:230,0
DA:238,0
DA:239,0
DA:246,0
DA:247,0
DA:248,0
DA:259,0
DA:260,0
DA:261,0
DA:262,0
DA:271,0
DA:272,0
DA:273,0
DA:275,0
DA:276,0
DA:278,0
LF:106
LH:1
end_of_record
SF:lib\vista\reportes\pantalla_mis_reportes.dart
DA:7,2
DA:9,0
DA:11,0
DA:19,0
DA:20,0
DA:21,0
DA:22,0
DA:24,0
DA:25,0
DA:26,0
DA:27,0
DA:29,0
DA:31,0
DA:33,0
DA:54,0
DA:55,0
DA:56,0
DA:57,0
DA:58,0
DA:72,0
DA:75,0
DA:80,0
DA:84,0
DA:86,0
DA:88,0
DA:89,0
DA:90,0
DA:91,0
DA:94,0
DA:95,0
DA:102,0
DA:104,0
DA:107,0
DA:108,0
DA:109,0
DA:110,0
DA:111,0
DA:112,0
DA:113,0
DA:114,0
DA:119,0
DA:120,0
DA:121,0
DA:122,0
DA:131,0
DA:132,0
DA:133,0
DA:134,0
DA:135,0
DA:136,0
DA:138,0
DA:139,0
DA:140,0
DA:144,0
DA:146,0
DA:148,0
DA:149,0
DA:151,0
DA:152,0
DA:160,0
DA:168,0
DA:176,0
DA:184,0
DA:195,0
DA:196,0
DA:197,0
DA:200,0
DA:201,0
DA:204,0
DA:208,0
DA:209,0
DA:210,0
DA:211,0
DA:212,0
DA:213,0
DA:214,0
DA:215,0
DA:216,0
DA:218,0
DA:219,0
DA:220,0
DA:227,0
DA:228,0
DA:229,0
DA:230,0
DA:243,0
DA:245,0
DA:246,0
DA:247,0
DA:248,0
DA:252,0
DA:253,0
DA:254,0
DA:255,0
DA:256,0
DA:264,0
DA:266,0
DA:267,0
DA:268,0
DA:269,0
DA:270,0
DA:271,0
DA:272,0
DA:273,0
DA:275,0
DA:276,0
DA:277,0
DA:279,0
DA:280,0
DA:281,0
DA:283,0
DA:284,0
DA:285,0
DA:286,0
DA:287,0
DA:288,0
DA:289,0
DA:290,0
DA:294,0
DA:295,0
DA:297,0
DA:298,0
DA:300,0
DA:301,0
DA:303,0
DA:308,0
DA:310,0
DA:312,0
DA:313,0
DA:314,0
DA:315,0
DA:321,0
DA:323,0
DA:325,0
DA:327,0
DA:328,0
DA:329,0
DA:330,0
DA:336,0
DA:339,0
DA:350,0
DA:351,0
DA:353,0
DA:354,0
DA:355,0
DA:356,0
DA:357,0
DA:365,0
DA:370,0
DA:371,0
DA:372,0
DA:373,0
DA:375,0
DA:377,0
DA:387,0
DA:388,0
DA:395,0
DA:396,0
DA:403,0
DA:404,0
DA:405,0
DA:415,0
DA:416,0
DA:417,0
DA:418,0
DA:428,0
DA:430,0
DA:431,0
DA:432,0
DA:443,0
DA:444,0
DA:445,0
LF:172
LH:1
end_of_record
SF:lib\vistamodelo\usuario\perfil_vm.dart
DA:25,1
DA:30,0
DA:31,0
DA:32,0
DA:33,1
DA:34,1
DA:37,1
DA:39,3
DA:40,4
DA:42,1
DA:43,1
DA:44,3
DA:45,3
DA:46,3
DA:47,3
DA:48,2
DA:51,1
DA:52,1
DA:56,1
DA:57,3
DA:58,5
DA:59,3
DA:60,3
DA:61,1
DA:64,1
DA:67,0
DA:68,0
DA:71,0
DA:72,0
DA:74,0
DA:75,0
DA:77,0
DA:78,0
DA:80,0
DA:83,1
DA:84,3
DA:85,1
DA:86,2
DA:90,1
DA:91,3
DA:92,4
DA:93,3
DA:96,0
DA:98,0
DA:99,0
DA:100,0
DA:101,0
DA:102,0
LF:48
LH:30
end_of_record
SF:lib\vista\usuario\replies_page.dart
DA:12,0
DA:18,0
DA:19,0
DA:29,0
DA:30,0
DA:31,0
DA:32,0
DA:34,0
DA:35,0
DA:37,0
DA:42,0
DA:43,0
DA:44,0
DA:48,0
DA:49,0
DA:50,0
DA:56,0
DA:57,0
DA:58,0
DA:59,0
DA:60,0
DA:61,0
DA:62,0
DA:63,0
DA:64,0
DA:65,0
DA:66,0
DA:67,0
DA:70,0
DA:71,0
DA:72,0
DA:73,0
DA:74,0
DA:76,0
DA:80,0
DA:81,0
DA:82,0
DA:83,0
DA:87,0
DA:88,0
DA:89,0
DA:90,0
DA:93,0
DA:94,0
DA:95,0
DA:96,0
DA:97,0
DA:99,0
DA:102,0
DA:105,0
DA:106,0
DA:109,0
DA:112,0
DA:113,0
DA:114,0
DA:115,0
DA:118,0
DA:119,0
DA:120,0
DA:124,0
DA:128,0
DA:130,0
DA:131,0
DA:134,0
DA:136,0
DA:137,0
DA:138,0
DA:142,0
DA:143,0
DA:144,0
DA:145,0
DA:146,0
DA:147,0
DA:148,0
DA:149,0
DA:150,0
DA:151,0
DA:153,0
DA:156,0
DA:157,0
DA:165,0
DA:167,0
DA:168,0
DA:169,0
DA:170,0
DA:171,0
DA:172,0
DA:173,0
DA:174,0
DA:175,0
DA:176,0
DA:177,0
DA:178,0
DA:179,0
DA:181,0
DA:182,0
DA:184,0
DA:186,0
DA:187,0
DA:188,0
DA:194,0
DA:195,0
DA:203,0
DA:204,0
DA:213,0
DA:214,0
DA:216,0
DA:217,0
DA:218,0
DA:226,0
DA:227,0
DA:228,0
DA:229,0
DA:233,0
DA:235,0
DA:237,0
DA:238,0
DA:240,0
DA:250,0
DA:251,0
DA:252,0
DA:253,0
DA:254,0
DA:255,0
DA:257,0
DA:258,0
DA:259,0
DA:261,0
DA:262,0
DA:263,0
DA:268,0
DA:269,0
DA:277,0
DA:279,0
DA:284,0
DA:285,0
DA:287,0
DA:289,0
DA:290,0
DA:306,0
DA:307,0
DA:309,0
DA:310,0
DA:311,0
DA:312,0
DA:314,0
DA:315,0
DA:316,0
DA:319,0
DA:321,0
DA:324,0
DA:325,0
DA:327,0
DA:328,0
DA:336,0
DA:338,0
DA:340,0
DA:349,0
DA:351,0
LF:159
LH:0
end_of_record
